#
# A fatal error has been detected by the Java Runtime Environment:
#
#  EXCEPTION_ACCESS_VIOLATION (0xc0000005) at pc=0x00007ff9345b4e1b, pid=10688, tid=21724
#
# JRE version: OpenJDK Runtime Environment (14.0.2+12) (build 14.0.2+12-46)
# Java VM: OpenJDK 64-Bit Server VM (14.0.2+12-46, mixed mode, tiered, compressed oops, g1 gc, windows-amd64)
# Problematic frame:
# V  [jvm.dll+0x674e1b]
#
# No core dump will be written. Minidumps are not enabled by default on client versions of Windows
#
# If you would like to submit a bug report, please visit:
#   https://bugreport.java.com/bugreport/crash.jsp
#

---------------  S U M M A R Y ------------

Command Line: -XX:+ShowCodeDetailsInExceptionMessages -agentlib:jdwp=transport=dt_socket,suspend=y,address=localhost:56240 -ea -javaagent:C:\Users\kirki\Downloads\sts-4.8.0.RELEASE\configuration\org.eclipse.osgi\262\0\.cp\lib\javaagent-shaded.jar -Dfile.encoding=Cp1252 org.eclipse.jdt.internal.junit.runner.RemoteTestRunner -version 3 -port 56239 -testLoaderClass org.eclipse.jdt.internal.junit5.runner.JUnit5TestLoader -loaderpluginname org.eclipse.jdt.junit5.runtime -classNames com.coderscampus.Assignment7.CustomList2Test

Host: AMD Ryzen 5 4600H with Radeon Graphics         , 12 cores, 7G,  Windows 10 , 64 bit Build 19041 (10.0.19041.662)
Time: Tue Jan 26 22:27:58 2021 Eastern Standard Time elapsed time: 137 seconds (0d 0h 2m 17s)

---------------  T H R E A D  ---------------

Current thread (0x000001b21c51e800):  JavaThread "JDWP Transport Listener: dt_socket" daemon [_thread_in_vm, id=21724, stack(0x0000003135800000,0x0000003135900000)] _threads_hazard_ptr=0x000001b21c24da10

Stack: [0x0000003135800000,0x0000003135900000],  sp=0x00000031358fe980,  free space=1018k
Native frames: (J=compiled Java code, j=interpreted, Vv=VM code, C=native code)
V  [jvm.dll+0x674e1b]
V  [jvm.dll+0x2ef343]
V  [jvm.dll+0x2f102b]
V  [jvm.dll+0x2f18fe]
V  [jvm.dll+0x2ef19c]
V  [jvm.dll+0x2ee3d2]
V  [jvm.dll+0x5e7b55]
V  [jvm.dll+0x5e78dd]
V  [jvm.dll+0x5af8e3]
V  [jvm.dll+0x739aef]
V  [jvm.dll+0x4bee61]
V  [jvm.dll+0x74908b]
V  [jvm.dll+0x4a54ee]
V  [jvm.dll+0x46ee7b]
C  [jdwp.dll+0x751f]


siginfo: EXCEPTION_ACCESS_VIOLATION (0xc0000005), reading address 0x0000000000000006


Register to memory mapping:

RIP=0x00007ff9345b4e1b jvm.dll
RAX=0x00000031358fea10 is pointing into the stack for thread: 0x000001b21c51e800
RBX=0x00000031358fe9e0 is pointing into the stack for thread: 0x000001b21c51e800
RCX=0x0 is NULL
RDX=0x0 is NULL
RSP=0x00000031358fe980 is pointing into the stack for thread: 0x000001b21c51e800
RBP=0x00000031358fef20 is pointing into the stack for thread: 0x000001b21c51e800
RSI=0x0 is NULL
RDI=0x0 is NULL
R8 =0x0 is NULL
R9 =0x000001b21d3785c0 is pointing into metadata
R10=0x00007ff933f40000 jvm.dll
R11=0x000001b21cb47b90 points into unknown readable memory: 00 00 00 47 ff ff ff 2f
R12=0x000001b21cb47b68 points into unknown readable memory: 00 26 fb 8f 36 00 00 00
R13=0x0000000000000118 is an unknown value
R14=0x000001b21d378c07 is pointing into metadata
R15=0x0000000000000044 is an unknown value


Registers:
RAX=0x00000031358fea10, RBX=0x00000031358fe9e0, RCX=0x0000000000000000, RDX=0x0000000000000000
RSP=0x00000031358fe980, RBP=0x00000031358fef20, RSI=0x0000000000000000, RDI=0x0000000000000000
R8 =0x0000000000000000, R9 =0x000001b21d3785c0, R10=0x00007ff933f40000, R11=0x000001b21cb47b90
R12=0x000001b21cb47b68, R13=0x0000000000000118, R14=0x000001b21d378c07, R15=0x0000000000000044
RIP=0x00007ff9345b4e1b, EFLAGS=0x0000000000010246

Top of Stack: (sp=0x00000031358fe980)
0x00000031358fe980:   00000031358fe9e0 0000000000000000
0x00000031358fe990:   0000000000000000 0000000000000000
0x00000031358fe9a0:   0000000000000001 00007ff93422f343
0x00000031358fe9b0:   0000000000000000 00000031358ff090
0x00000031358fe9c0:   0000000000000000 0000000000000000
0x00000031358fe9d0:   0000000000000000 0000000000000000
0x00000031358fe9e0:   00007ff934795730 0000000000000000
0x00000031358fe9f0:   0000000000000000 000000000000000a
0x00000031358fea00:   00000031358fea10 0000000000000000
0x00000031358fea10:   000000002fffffff 0000000000000000
0x00000031358fea20:   000000004fffffff 0000000000000000
0x00000031358fea30:   0000000000000000 0000000000000000
0x00000031358fea40:   0000000000000000 0000000000000000
0x00000031358fea50:   0000000000000000 0000000000000000
0x00000031358fea60:   0000000000000000 0000000000000000
0x00000031358fea70:   0000000000000000 0000000000000000 

Instructions: (pc=0x00007ff9345b4e1b)
0x00007ff9345b4d1b:   48 8b cb ff 50 30 ff 43 14 48 c1 ef 04 eb 86 48
0x00007ff9345b4d2b:   8b 03 45 33 c0 33 d2 48 8b cb ff 50 48 ff 43 14
0x00007ff9345b4d3b:   48 c1 ef 04 e9 6c ff ff ff 48 8b 03 48 8b cb ff
0x00007ff9345b4d4b:   50 38 83 43 14 02 48 c1 ef 04 e9 56 ff ff ff 48
0x00007ff9345b4d5b:   8b 03 48 8b cb ff 50 10 ff 43 14 48 c1 ef 04 e9
0x00007ff9345b4d6b:   41 ff ff ff 48 8b 03 48 8b cb ff 50 18 83 43 14
0x00007ff9345b4d7b:   02 48 c1 ef 04 e9 2b ff ff ff 48 8b 0d 14 3b 3e
0x00007ff9345b4d8b:   00 48 8d 15 ed f4 22 00 e8 48 5d f8 ff 48 8b 0d
0x00007ff9345b4d9b:   01 3b 3e 00 48 8d 15 f2 f4 22 00 4c 8b c6 e8 32
0x00007ff9345b4dab:   5d f8 ff ba c2 00 00 00 48 8d 0d 76 f4 22 00 e8
0x00007ff9345b4dbb:   91 83 b9 ff e8 2c 38 f8 ff 48 c1 ef 04 e9 e3 fe
0x00007ff9345b4dcb:   ff ff 0f 1f 00 d1 4c 67 00 e2 4c 67 00 f4 4c 67
0x00007ff9345b4ddb:   00 06 4d 67 00 18 4d 67 00 44 4d 67 00 5a 4d 67
0x00007ff9345b4deb:   00 6f 4d 67 00 2a 4d 67 00 88 4c 67 00 cc cc cc
0x00007ff9345b4dfb:   cc cc cc cc cc 40 53 48 83 ec 20 c7 41 10 00 00
0x00007ff9345b4e0b:   00 00 48 8b d9 48 89 7c 24 38 48 8b 79 08 33 c9
0x00007ff9345b4e1b:   80 7f 06 28 74 26 44 8d 49 28 8d 51 36 48 8d 0d
0x00007ff9345b4e2b:   01 f4 22 00 4c 8d 05 ea f3 22 00 e8 95 81 b9 ff
0x00007ff9345b4e3b:   e8 b0 37 f8 ff 8b 4b 10 48 8b 7b 08 8d 41 01 48
0x00007ff9345b4e4b:   63 c9 89 43 10 80 7c 39 07 29 0f 84 d3 00 00 00
0x00007ff9345b4e5b:   48 89 74 24 30 44 8b c0 48 8d 35 96 b1 98 ff 66
0x00007ff9345b4e6b:   0f 1f 44 00 00 49 63 c8 0f be 54 39 06 83 c2 be
0x00007ff9345b4e7b:   83 fa 19 77 7b 48 63 ca 0f b6 8c 0e dc 4f 67 00
0x00007ff9345b4e8b:   8b 94 8e cc 4f 67 00 48 03 d6 ff e2 41 8d 40 01
0x00007ff9345b4e9b:   89 43 10 eb 74 48 63 c8 ff c0 89 43 10 44 8b c0
0x00007ff9345b4eab:   80 7c 39 06 3b 75 ee eb 63 0f 1f 40 00 0f 1f 84
0x00007ff9345b4ebb:   00 00 00 00 00 ff c0 48 63 c8 89 43 10 0f b6 54
0x00007ff9345b4ecb:   39 06 80 fa 5b 74 ee 80 fa 4c 75 1d 66 0f 1f 84
0x00007ff9345b4edb:   00 00 00 00 00 48 63 c8 ff c0 89 43 10 44 8b c0
0x00007ff9345b4eeb:   80 7c 39 06 3b 75 ee eb 23 ff c0 89 43 10 eb 19
0x00007ff9345b4efb:   ba f1 00 00 00 48 8d 0d 29 f3 22 00 e8 44 82 b9
0x00007ff9345b4f0b:   ff e8 df 36 f8 ff 8b 43 10 44 8b c0 49 63 c8 80 


Stack slot to memory mapping:
stack at sp + 0 slots: 0x00000031358fe9e0 is pointing into the stack for thread: 0x000001b21c51e800
stack at sp + 1 slots: 0x0 is NULL
stack at sp + 2 slots: 0x0 is NULL
stack at sp + 3 slots: 0x0 is NULL
stack at sp + 4 slots: 0x0000000000000001 is an unknown value
stack at sp + 5 slots: 0x00007ff93422f343 jvm.dll
stack at sp + 6 slots: 0x0 is NULL
stack at sp + 7 slots: 0x00000031358ff090 is pointing into the stack for thread: 0x000001b21c51e800


---------------  P R O C E S S  ---------------

Threads class SMR info:
_java_thread_list=0x000001b21c24da10, length=15, elements={
0x000001b27f8af000, 0x000001b21ba02800, 0x000001b21ba04000, 0x000001b21c25f800,
0x000001b21c262800, 0x000001b21c264800, 0x000001b21c267000, 0x000001b21ba14000,
0x000001b21ba15000, 0x000001b21c431000, 0x000001b21c51e800, 0x000001b21c51f800,
0x000001b21c520800, 0x000001b21cb76000, 0x000001b21cd4d000
}

Java Threads: ( => current thread )
  0x000001b27f8af000 JavaThread "main" [_thread_blocked, id=24460, stack(0x0000003134700000,0x0000003134800000)]
  0x000001b21ba02800 JavaThread "Reference Handler" daemon [_thread_blocked, id=4620, stack(0x0000003134e00000,0x0000003134f00000)]
  0x000001b21ba04000 JavaThread "Finalizer" daemon [_thread_blocked, id=2104, stack(0x0000003134f00000,0x0000003135000000)]
  0x000001b21c25f800 JavaThread "Signal Dispatcher" daemon [_thread_blocked, id=11916, stack(0x0000003135000000,0x0000003135100000)]
  0x000001b21c262800 JavaThread "Attach Listener" daemon [_thread_blocked, id=9264, stack(0x0000003135100000,0x0000003135200000)]
  0x000001b21c264800 JavaThread "Service Thread" daemon [_thread_blocked, id=20288, stack(0x0000003135200000,0x0000003135300000)]
  0x000001b21c267000 JavaThread "C2 CompilerThread0" daemon [_thread_blocked, id=21616, stack(0x0000003135300000,0x0000003135400000)]
  0x000001b21ba14000 JavaThread "C1 CompilerThread0" daemon [_thread_blocked, id=24800, stack(0x0000003135400000,0x0000003135500000)]
  0x000001b21ba15000 JavaThread "Sweeper thread" daemon [_thread_blocked, id=20580, stack(0x0000003135500000,0x0000003135600000)]
  0x000001b21c431000 JavaThread "Common-Cleaner" daemon [_thread_blocked, id=23796, stack(0x0000003135600000,0x0000003135700000)]
=>0x000001b21c51e800 JavaThread "JDWP Transport Listener: dt_socket" daemon [_thread_in_vm, id=21724, stack(0x0000003135800000,0x0000003135900000)]
  0x000001b21c51f800 JavaThread "JDWP Event Helper Thread" daemon [_thread_blocked, id=14600, stack(0x0000003135900000,0x0000003135a00000)]
  0x000001b21c520800 JavaThread "JDWP Command Reader" daemon [_thread_in_native, id=9284, stack(0x0000003135a00000,0x0000003135b00000)]
  0x000001b21cb76000 JavaThread "Notification Thread" daemon [_thread_blocked, id=1724, stack(0x0000003135b00000,0x0000003135c00000)]
  0x000001b21cd4d000 JavaThread "ReaderThread" [_thread_in_native, id=24584, stack(0x0000003135d00000,0x0000003135e00000)]

Other Threads:
  0x000001b21c234800 VMThread "VM Thread" [stack: 0x0000003134d00000,0x0000003134e00000] [id=21468]
  0x000001b21cbd8000 WatcherThread [stack: 0x0000003135c00000,0x0000003135d00000] [id=15400]
  0x000001b27f8f1000 GCTaskThread "GC Thread#0" [stack: 0x0000003134800000,0x0000003134900000] [id=5664]
  0x000001b21d21e000 GCTaskThread "GC Thread#1" [stack: 0x0000003135e00000,0x0000003135f00000] [id=9248]
  0x000001b21d259800 GCTaskThread "GC Thread#2" [stack: 0x0000003135f00000,0x0000003136000000] [id=21768]
  0x000001b21d25a000 GCTaskThread "GC Thread#3" [stack: 0x0000003136000000,0x0000003136100000] [id=2700]
  0x000001b27f901800 ConcurrentGCThread "G1 Main Marker" [stack: 0x0000003134900000,0x0000003134a00000] [id=25508]
  0x000001b27f903000 ConcurrentGCThread "G1 Conc#0" [stack: 0x0000003134a00000,0x0000003134b00000] [id=22068]
  0x000001b21b830800 ConcurrentGCThread "G1 Refine#0" [stack: 0x0000003134b00000,0x0000003134c00000] [id=9348]
  0x000001b21b831800 ConcurrentGCThread "G1 Young RemSet Sampling" [stack: 0x0000003134c00000,0x0000003134d00000] [id=15052]

Threads with active compile tasks:

VM state:not at safepoint (normal execution)

VM Mutex/Monitor currently owned by a thread: None

Heap address: 0x0000000089400000, size: 1900 MB, Compressed Oops mode: 32-bit
Narrow klass base: 0x0000000000000000, Narrow klass shift: 3
Compressed class space size: 1073741824 Address: 0x0000000100000000

Heap:
 garbage-first heap   total 122880K, used 19840K [0x0000000089400000, 0x0000000100000000)
  region size 1024K, 21 young (21504K), 3 survivors (3072K)
 Metaspace       used 14671K, capacity 15141K, committed 15232K, reserved 1062912K
  class space    used 1476K, capacity 1657K, committed 1664K, reserved 1048576K
Heap Regions: E=young(eden), S=young(survivor), O=old, HS=humongous(starts), HC=humongous(continues), CS=collection set, F=free, OA=open archive, CA=closed archive, TAMS=top-at-mark-start (previous, next)
|   0|0x0000000089400000, 0x0000000089400000, 0x0000000089500000|  0%| F|  |TAMS 0x0000000089400000, 0x0000000089400000| Untracked 
|   1|0x0000000089500000, 0x0000000089500000, 0x0000000089600000|  0%| F|  |TAMS 0x0000000089500000, 0x0000000089500000| Untracked 
|   2|0x0000000089600000, 0x0000000089600000, 0x0000000089700000|  0%| F|  |TAMS 0x0000000089600000, 0x0000000089600000| Untracked 
|   3|0x0000000089700000, 0x0000000089700000, 0x0000000089800000|  0%| F|  |TAMS 0x0000000089700000, 0x0000000089700000| Untracked 
|   4|0x0000000089800000, 0x0000000089800000, 0x0000000089900000|  0%| F|  |TAMS 0x0000000089800000, 0x0000000089800000| Untracked 
|   5|0x0000000089900000, 0x0000000089900000, 0x0000000089a00000|  0%| F|  |TAMS 0x0000000089900000, 0x0000000089900000| Untracked 
|   6|0x0000000089a00000, 0x0000000089a00000, 0x0000000089b00000|  0%| F|  |TAMS 0x0000000089a00000, 0x0000000089a00000| Untracked 
|   7|0x0000000089b00000, 0x0000000089b00000, 0x0000000089c00000|  0%| F|  |TAMS 0x0000000089b00000, 0x0000000089b00000| Untracked 
|   8|0x0000000089c00000, 0x0000000089c00000, 0x0000000089d00000|  0%| F|  |TAMS 0x0000000089c00000, 0x0000000089c00000| Untracked 
|   9|0x0000000089d00000, 0x0000000089d00000, 0x0000000089e00000|  0%| F|  |TAMS 0x0000000089d00000, 0x0000000089d00000| Untracked 
|  10|0x0000000089e00000, 0x0000000089e00000, 0x0000000089f00000|  0%| F|  |TAMS 0x0000000089e00000, 0x0000000089e00000| Untracked 
|  11|0x0000000089f00000, 0x0000000089f00000, 0x000000008a000000|  0%| F|  |TAMS 0x0000000089f00000, 0x0000000089f00000| Untracked 
|  12|0x000000008a000000, 0x000000008a000000, 0x000000008a100000|  0%| F|  |TAMS 0x000000008a000000, 0x000000008a000000| Untracked 
|  13|0x000000008a100000, 0x000000008a100000, 0x000000008a200000|  0%| F|  |TAMS 0x000000008a100000, 0x000000008a100000| Untracked 
|  14|0x000000008a200000, 0x000000008a200000, 0x000000008a300000|  0%| F|  |TAMS 0x000000008a200000, 0x000000008a200000| Untracked 
|  15|0x000000008a300000, 0x000000008a300000, 0x000000008a400000|  0%| F|  |TAMS 0x000000008a300000, 0x000000008a300000| Untracked 
|  16|0x000000008a400000, 0x000000008a400000, 0x000000008a500000|  0%| F|  |TAMS 0x000000008a400000, 0x000000008a400000| Untracked 
|  17|0x000000008a500000, 0x000000008a500000, 0x000000008a600000|  0%| F|  |TAMS 0x000000008a500000, 0x000000008a500000| Untracked 
|  18|0x000000008a600000, 0x000000008a600000, 0x000000008a700000|  0%| F|  |TAMS 0x000000008a600000, 0x000000008a600000| Untracked 
|  19|0x000000008a700000, 0x000000008a700000, 0x000000008a800000|  0%| F|  |TAMS 0x000000008a700000, 0x000000008a700000| Untracked 
|  20|0x000000008a800000, 0x000000008a800000, 0x000000008a900000|  0%| F|  |TAMS 0x000000008a800000, 0x000000008a800000| Untracked 
|  21|0x000000008a900000, 0x000000008a900000, 0x000000008aa00000|  0%| F|  |TAMS 0x000000008a900000, 0x000000008a900000| Untracked 
|  22|0x000000008aa00000, 0x000000008aa00000, 0x000000008ab00000|  0%| F|  |TAMS 0x000000008aa00000, 0x000000008aa00000| Untracked 
|  23|0x000000008ab00000, 0x000000008ab00000, 0x000000008ac00000|  0%| F|  |TAMS 0x000000008ab00000, 0x000000008ab00000| Untracked 
|  24|0x000000008ac00000, 0x000000008ac00000, 0x000000008ad00000|  0%| F|  |TAMS 0x000000008ac00000, 0x000000008ac00000| Untracked 
|  25|0x000000008ad00000, 0x000000008ad00000, 0x000000008ae00000|  0%| F|  |TAMS 0x000000008ad00000, 0x000000008ad00000| Untracked 
|  26|0x000000008ae00000, 0x000000008ae00000, 0x000000008af00000|  0%| F|  |TAMS 0x000000008ae00000, 0x000000008ae00000| Untracked 
|  27|0x000000008af00000, 0x000000008af00000, 0x000000008b000000|  0%| F|  |TAMS 0x000000008af00000, 0x000000008af00000| Untracked 
|  28|0x000000008b000000, 0x000000008b000000, 0x000000008b100000|  0%| F|  |TAMS 0x000000008b000000, 0x000000008b000000| Untracked 
|  29|0x000000008b100000, 0x000000008b100000, 0x000000008b200000|  0%| F|  |TAMS 0x000000008b100000, 0x000000008b100000| Untracked 
|  30|0x000000008b200000, 0x000000008b200000, 0x000000008b300000|  0%| F|  |TAMS 0x000000008b200000, 0x000000008b200000| Untracked 
|  31|0x000000008b300000, 0x000000008b300000, 0x000000008b400000|  0%| F|  |TAMS 0x000000008b300000, 0x000000008b300000| Untracked 
|  32|0x000000008b400000, 0x000000008b400000, 0x000000008b500000|  0%| F|  |TAMS 0x000000008b400000, 0x000000008b400000| Untracked 
|  33|0x000000008b500000, 0x000000008b500000, 0x000000008b600000|  0%| F|  |TAMS 0x000000008b500000, 0x000000008b500000| Untracked 
|  34|0x000000008b600000, 0x000000008b600000, 0x000000008b700000|  0%| F|  |TAMS 0x000000008b600000, 0x000000008b600000| Untracked 
|  35|0x000000008b700000, 0x000000008b700000, 0x000000008b800000|  0%| F|  |TAMS 0x000000008b700000, 0x000000008b700000| Untracked 
|  36|0x000000008b800000, 0x000000008b800000, 0x000000008b900000|  0%| F|  |TAMS 0x000000008b800000, 0x000000008b800000| Untracked 
|  37|0x000000008b900000, 0x000000008b900000, 0x000000008ba00000|  0%| F|  |TAMS 0x000000008b900000, 0x000000008b900000| Untracked 
|  38|0x000000008ba00000, 0x000000008ba00000, 0x000000008bb00000|  0%| F|  |TAMS 0x000000008ba00000, 0x000000008ba00000| Untracked 
|  39|0x000000008bb00000, 0x000000008bb00000, 0x000000008bc00000|  0%| F|  |TAMS 0x000000008bb00000, 0x000000008bb00000| Untracked 
|  40|0x000000008bc00000, 0x000000008bc00000, 0x000000008bd00000|  0%| F|  |TAMS 0x000000008bc00000, 0x000000008bc00000| Untracked 
|  41|0x000000008bd00000, 0x000000008bd00000, 0x000000008be00000|  0%| F|  |TAMS 0x000000008bd00000, 0x000000008bd00000| Untracked 
|  42|0x000000008be00000, 0x000000008be00000, 0x000000008bf00000|  0%| F|  |TAMS 0x000000008be00000, 0x000000008be00000| Untracked 
|  43|0x000000008bf00000, 0x000000008bf00000, 0x000000008c000000|  0%| F|  |TAMS 0x000000008bf00000, 0x000000008bf00000| Untracked 
|  44|0x000000008c000000, 0x000000008c000000, 0x000000008c100000|  0%| F|  |TAMS 0x000000008c000000, 0x000000008c000000| Untracked 
|  45|0x000000008c100000, 0x000000008c100000, 0x000000008c200000|  0%| F|  |TAMS 0x000000008c100000, 0x000000008c100000| Untracked 
|  46|0x000000008c200000, 0x000000008c200000, 0x000000008c300000|  0%| F|  |TAMS 0x000000008c200000, 0x000000008c200000| Untracked 
|  47|0x000000008c300000, 0x000000008c300000, 0x000000008c400000|  0%| F|  |TAMS 0x000000008c300000, 0x000000008c300000| Untracked 
|  48|0x000000008c400000, 0x000000008c400000, 0x000000008c500000|  0%| F|  |TAMS 0x000000008c400000, 0x000000008c400000| Untracked 
|  49|0x000000008c500000, 0x000000008c500000, 0x000000008c600000|  0%| F|  |TAMS 0x000000008c500000, 0x000000008c500000| Untracked 
|  50|0x000000008c600000, 0x000000008c600000, 0x000000008c700000|  0%| F|  |TAMS 0x000000008c600000, 0x000000008c600000| Untracked 
|  51|0x000000008c700000, 0x000000008c700000, 0x000000008c800000|  0%| F|  |TAMS 0x000000008c700000, 0x000000008c700000| Untracked 
|  52|0x000000008c800000, 0x000000008c800000, 0x000000008c900000|  0%| F|  |TAMS 0x000000008c800000, 0x000000008c800000| Untracked 
|  53|0x000000008c900000, 0x000000008c900000, 0x000000008ca00000|  0%| F|  |TAMS 0x000000008c900000, 0x000000008c900000| Untracked 
|  54|0x000000008ca00000, 0x000000008ca00000, 0x000000008cb00000|  0%| F|  |TAMS 0x000000008ca00000, 0x000000008ca00000| Untracked 
|  55|0x000000008cb00000, 0x000000008cb00000, 0x000000008cc00000|  0%| F|  |TAMS 0x000000008cb00000, 0x000000008cb00000| Untracked 
|  56|0x000000008cc00000, 0x000000008cc00000, 0x000000008cd00000|  0%| F|  |TAMS 0x000000008cc00000, 0x000000008cc00000| Untracked 
|  57|0x000000008cd00000, 0x000000008cd00000, 0x000000008ce00000|  0%| F|  |TAMS 0x000000008cd00000, 0x000000008cd00000| Untracked 
|  58|0x000000008ce00000, 0x000000008ce00000, 0x000000008cf00000|  0%| F|  |TAMS 0x000000008ce00000, 0x000000008ce00000| Untracked 
|  59|0x000000008cf00000, 0x000000008cf00000, 0x000000008d000000|  0%| F|  |TAMS 0x000000008cf00000, 0x000000008cf00000| Untracked 
|  60|0x000000008d000000, 0x000000008d000000, 0x000000008d100000|  0%| F|  |TAMS 0x000000008d000000, 0x000000008d000000| Untracked 
|  61|0x000000008d100000, 0x000000008d100000, 0x000000008d200000|  0%| F|  |TAMS 0x000000008d100000, 0x000000008d100000| Untracked 
|  62|0x000000008d200000, 0x000000008d200000, 0x000000008d300000|  0%| F|  |TAMS 0x000000008d200000, 0x000000008d200000| Untracked 
|  63|0x000000008d300000, 0x000000008d300000, 0x000000008d400000|  0%| F|  |TAMS 0x000000008d300000, 0x000000008d300000| Untracked 
|  64|0x000000008d400000, 0x000000008d400000, 0x000000008d500000|  0%| F|  |TAMS 0x000000008d400000, 0x000000008d400000| Untracked 
|  65|0x000000008d500000, 0x000000008d500000, 0x000000008d600000|  0%| F|  |TAMS 0x000000008d500000, 0x000000008d500000| Untracked 
|  66|0x000000008d600000, 0x000000008d600000, 0x000000008d700000|  0%| F|  |TAMS 0x000000008d600000, 0x000000008d600000| Untracked 
|  67|0x000000008d700000, 0x000000008d700000, 0x000000008d800000|  0%| F|  |TAMS 0x000000008d700000, 0x000000008d700000| Untracked 
|  68|0x000000008d800000, 0x000000008d800000, 0x000000008d900000|  0%| F|  |TAMS 0x000000008d800000, 0x000000008d800000| Untracked 
|  69|0x000000008d900000, 0x000000008d900000, 0x000000008da00000|  0%| F|  |TAMS 0x000000008d900000, 0x000000008d900000| Untracked 
|  70|0x000000008da00000, 0x000000008da00000, 0x000000008db00000|  0%| F|  |TAMS 0x000000008da00000, 0x000000008da00000| Untracked 
|  71|0x000000008db00000, 0x000000008db00000, 0x000000008dc00000|  0%| F|  |TAMS 0x000000008db00000, 0x000000008db00000| Untracked 
|  72|0x000000008dc00000, 0x000000008dc00000, 0x000000008dd00000|  0%| F|  |TAMS 0x000000008dc00000, 0x000000008dc00000| Untracked 
|  73|0x000000008dd00000, 0x000000008dd00000, 0x000000008de00000|  0%| F|  |TAMS 0x000000008dd00000, 0x000000008dd00000| Untracked 
|  74|0x000000008de00000, 0x000000008de00000, 0x000000008df00000|  0%| F|  |TAMS 0x000000008de00000, 0x000000008de00000| Untracked 
|  75|0x000000008df00000, 0x000000008df00000, 0x000000008e000000|  0%| F|  |TAMS 0x000000008df00000, 0x000000008df00000| Untracked 
|  76|0x000000008e000000, 0x000000008e000000, 0x000000008e100000|  0%| F|  |TAMS 0x000000008e000000, 0x000000008e000000| Untracked 
|  77|0x000000008e100000, 0x000000008e100000, 0x000000008e200000|  0%| F|  |TAMS 0x000000008e100000, 0x000000008e100000| Untracked 
|  78|0x000000008e200000, 0x000000008e200000, 0x000000008e300000|  0%| F|  |TAMS 0x000000008e200000, 0x000000008e200000| Untracked 
|  79|0x000000008e300000, 0x000000008e300000, 0x000000008e400000|  0%| F|  |TAMS 0x000000008e300000, 0x000000008e300000| Untracked 
|  80|0x000000008e400000, 0x000000008e400000, 0x000000008e500000|  0%| F|  |TAMS 0x000000008e400000, 0x000000008e400000| Untracked 
|  81|0x000000008e500000, 0x000000008e500000, 0x000000008e600000|  0%| F|  |TAMS 0x000000008e500000, 0x000000008e500000| Untracked 
|  82|0x000000008e600000, 0x000000008e600000, 0x000000008e700000|  0%| F|  |TAMS 0x000000008e600000, 0x000000008e600000| Untracked 
|  83|0x000000008e700000, 0x000000008e700000, 0x000000008e800000|  0%| F|  |TAMS 0x000000008e700000, 0x000000008e700000| Untracked 
|  84|0x000000008e800000, 0x000000008e800000, 0x000000008e900000|  0%| F|  |TAMS 0x000000008e800000, 0x000000008e800000| Untracked 
|  85|0x000000008e900000, 0x000000008e900000, 0x000000008ea00000|  0%| F|  |TAMS 0x000000008e900000, 0x000000008e900000| Untracked 
|  86|0x000000008ea00000, 0x000000008ea00000, 0x000000008eb00000|  0%| F|  |TAMS 0x000000008ea00000, 0x000000008ea00000| Untracked 
|  87|0x000000008eb00000, 0x000000008eb00000, 0x000000008ec00000|  0%| F|  |TAMS 0x000000008eb00000, 0x000000008eb00000| Untracked 
|  88|0x000000008ec00000, 0x000000008ec00000, 0x000000008ed00000|  0%| F|  |TAMS 0x000000008ec00000, 0x000000008ec00000| Untracked 
|  89|0x000000008ed00000, 0x000000008ed00000, 0x000000008ee00000|  0%| F|  |TAMS 0x000000008ed00000, 0x000000008ed00000| Untracked 
|  90|0x000000008ee00000, 0x000000008ee00000, 0x000000008ef00000|  0%| F|  |TAMS 0x000000008ee00000, 0x000000008ee00000| Untracked 
|  91|0x000000008ef00000, 0x000000008ef00000, 0x000000008f000000|  0%| F|  |TAMS 0x000000008ef00000, 0x000000008ef00000| Untracked 
|  92|0x000000008f000000, 0x000000008f000000, 0x000000008f100000|  0%| F|  |TAMS 0x000000008f000000, 0x000000008f000000| Untracked 
|  93|0x000000008f100000, 0x000000008f100000, 0x000000008f200000|  0%| F|  |TAMS 0x000000008f100000, 0x000000008f100000| Untracked 
|  94|0x000000008f200000, 0x000000008f260030, 0x000000008f300000| 37%| S|CS|TAMS 0x000000008f200000, 0x000000008f200000| Complete 
|  95|0x000000008f300000, 0x000000008f400000, 0x000000008f400000|100%| S|CS|TAMS 0x000000008f300000, 0x000000008f300000| Complete 
|  96|0x000000008f400000, 0x000000008f500000, 0x000000008f500000|100%| S|CS|TAMS 0x000000008f400000, 0x000000008f400000| Complete 
|  97|0x000000008f500000, 0x000000008f500000, 0x000000008f600000|  0%| F|  |TAMS 0x000000008f500000, 0x000000008f500000| Untracked 
|  98|0x000000008f600000, 0x000000008f600000, 0x000000008f700000|  0%| F|  |TAMS 0x000000008f600000, 0x000000008f600000| Untracked 
|  99|0x000000008f700000, 0x000000008f700000, 0x000000008f800000|  0%| F|  |TAMS 0x000000008f700000, 0x000000008f700000| Untracked 
| 100|0x000000008f800000, 0x000000008f800000, 0x000000008f900000|  0%| F|  |TAMS 0x000000008f800000, 0x000000008f800000| Untracked 
| 101|0x000000008f900000, 0x000000008f900000, 0x000000008fa00000|  0%| F|  |TAMS 0x000000008f900000, 0x000000008f900000| Untracked 
| 102|0x000000008fa00000, 0x000000008fa52e58, 0x000000008fb00000| 32%| E|  |TAMS 0x000000008fa00000, 0x000000008fa00000| Complete 
| 103|0x000000008fb00000, 0x000000008fc00000, 0x000000008fc00000|100%| E|CS|TAMS 0x000000008fb00000, 0x000000008fb00000| Complete 
| 104|0x000000008fc00000, 0x000000008fd00000, 0x000000008fd00000|100%| E|CS|TAMS 0x000000008fc00000, 0x000000008fc00000| Complete 
| 105|0x000000008fd00000, 0x000000008fe00000, 0x000000008fe00000|100%| E|CS|TAMS 0x000000008fd00000, 0x000000008fd00000| Complete 
| 106|0x000000008fe00000, 0x000000008ff00000, 0x000000008ff00000|100%| E|CS|TAMS 0x000000008fe00000, 0x000000008fe00000| Complete 
| 107|0x000000008ff00000, 0x0000000090000000, 0x0000000090000000|100%| E|CS|TAMS 0x000000008ff00000, 0x000000008ff00000| Complete 
| 108|0x0000000090000000, 0x0000000090100000, 0x0000000090100000|100%| E|CS|TAMS 0x0000000090000000, 0x0000000090000000| Complete 
| 109|0x0000000090100000, 0x0000000090200000, 0x0000000090200000|100%| E|CS|TAMS 0x0000000090100000, 0x0000000090100000| Complete 
| 110|0x0000000090200000, 0x0000000090300000, 0x0000000090300000|100%| E|CS|TAMS 0x0000000090200000, 0x0000000090200000| Complete 
| 111|0x0000000090300000, 0x0000000090400000, 0x0000000090400000|100%| E|CS|TAMS 0x0000000090300000, 0x0000000090300000| Complete 
| 112|0x0000000090400000, 0x0000000090500000, 0x0000000090500000|100%| E|CS|TAMS 0x0000000090400000, 0x0000000090400000| Complete 
| 113|0x0000000090500000, 0x0000000090600000, 0x0000000090600000|100%| E|CS|TAMS 0x0000000090500000, 0x0000000090500000| Complete 
| 114|0x0000000090600000, 0x0000000090700000, 0x0000000090700000|100%| E|CS|TAMS 0x0000000090600000, 0x0000000090600000| Complete 
| 115|0x0000000090700000, 0x0000000090800000, 0x0000000090800000|100%| E|CS|TAMS 0x0000000090700000, 0x0000000090700000| Complete 
| 116|0x0000000090800000, 0x0000000090900000, 0x0000000090900000|100%| E|CS|TAMS 0x0000000090800000, 0x0000000090800000| Complete 
| 117|0x0000000090900000, 0x0000000090a00000, 0x0000000090a00000|100%| E|CS|TAMS 0x0000000090900000, 0x0000000090900000| Complete 
| 118|0x0000000090a00000, 0x0000000090b00000, 0x0000000090b00000|100%| E|CS|TAMS 0x0000000090a00000, 0x0000000090a00000| Complete 
| 119|0x0000000090b00000, 0x0000000090c00000, 0x0000000090c00000|100%| E|CS|TAMS 0x0000000090b00000, 0x0000000090b00000| Complete 

Card table byte_map: [0x000001b214a20000,0x000001b214de0000] _byte_map_base: 0x000001b2145d6000

Marking Bits (Prev, Next): (CMBitMap*) 0x000001b27f8f1d18, (CMBitMap*) 0x000001b27f8f1d58
 Prev Bits: [0x000001b2151a0000, 0x000001b216f50000)
 Next Bits: [0x000001b216f50000, 0x000001b218d00000)

Polling page: 0x000001b27f470000

Metaspace:

Usage:
  Non-class:     13.17 MB capacity,    12.89 MB ( 98%) used,   240.85 KB (  2%) free+waste,    48.31 KB ( <1%) overhead. 
      Class:      1.62 MB capacity,     1.44 MB ( 89%) used,   157.66 KB ( 10%) free+waste,    22.88 KB (  1%) overhead. 
       Both:     14.79 MB capacity,    14.33 MB ( 97%) used,   398.52 KB (  3%) free+waste,    71.19 KB ( <1%) overhead. 

Virtual space:
  Non-class space:       14.00 MB reserved,      13.25 MB ( 95%) committed 
      Class space:        1.00 GB reserved,       1.63 MB ( <1%) committed 
             Both:        1.01 GB reserved,      14.88 MB (  1%) committed 

Chunk freelists:
   Non-Class:  20.00 KB
       Class:  7.00 KB
        Both:  27.00 KB

MaxMetaspaceSize: 17179869184.00 GB
CompressedClassSpaceSize: 1.00 GB

CodeHeap 'non-profiled nmethods': size=120000Kb used=546Kb max_used=546Kb free=119453Kb
 bounds [0x000001b20cad0000, 0x000001b20cd40000, 0x000001b214000000]
CodeHeap 'profiled nmethods': size=120000Kb used=3237Kb max_used=3237Kb free=116762Kb
 bounds [0x000001b2055a0000, 0x000001b2058d0000, 0x000001b20cad0000]
CodeHeap 'non-nmethods': size=5760Kb used=1255Kb max_used=1272Kb free=4504Kb
 bounds [0x000001b205000000, 0x000001b205270000, 0x000001b2055a0000]
 total_blobs=1876 nmethods=1451 adapters=338
 compilation: enabled
              stopped_count=0, restarted_count=0
 full_count=0

Compilation events (20 events):
Event: 3.453 Thread 0x000001b21c267000 1443       4       jdk.internal.misc.Unsafe::allocateUninitializedArray0 (90 bytes)
Event: 3.454 Thread 0x000001b21ba14000 1444       3       java.lang.Character::charCount (12 bytes)
Event: 3.454 Thread 0x000001b21ba14000 nmethod 1444 0x000001b2058c1d10 code [0x000001b2058c1ea0, 0x000001b2058c1fd8]
Event: 3.454 Thread 0x000001b21ba14000 1445       3       java.util.StringTokenizer::scanToken (179 bytes)
Event: 3.454 Thread 0x000001b21c267000 nmethod 1443 0x000001b20cb57690 code [0x000001b20cb57820, 0x000001b20cb579f8]
Event: 3.455 Thread 0x000001b21ba14000 nmethod 1445 0x000001b2058c2090 code [0x000001b2058c2400, 0x000001b2058c3a78]
Event: 3.455 Thread 0x000001b21ba14000 1446       3       java.util.StringTokenizer::skipDelimiters (116 bytes)
Event: 3.455 Thread 0x000001b21c267000 1449       4       jdk.internal.jimage.ImageStringsReader::unmaskedHashCode (173 bytes)
Event: 3.455 Thread 0x000001b21ba14000 nmethod 1446 0x000001b2058c4310 code [0x000001b2058c45c0, 0x000001b2058c5328]
Event: 3.455 Thread 0x000001b21ba14000 1447       3       java.util.StringTokenizer::nextToken (92 bytes)
Event: 3.456 Thread 0x000001b21ba14000 nmethod 1447 0x000001b2058c5890 code [0x000001b2058c5a80, 0x000001b2058c5db8]
Event: 3.456 Thread 0x000001b21ba14000 1448       3       java.util.StringTokenizer::hasMoreTokens (29 bytes)
Event: 3.456 Thread 0x000001b21ba14000 nmethod 1448 0x000001b2058c5f10 code [0x000001b2058c60c0, 0x000001b2058c6268]
Event: 3.457 Thread 0x000001b21c267000 nmethod 1449 0x000001b20cb57b10 code [0x000001b20cb57d20, 0x000001b20cb58148]
Event: 3.464 Thread 0x000001b21ba14000 1450       1       java.util.concurrent.ConcurrentHashMap$MapEntry::getKey (5 bytes)
Event: 3.464 Thread 0x000001b21ba14000 nmethod 1450 0x000001b20cb58410 code [0x000001b20cb585a0, 0x000001b20cb58658]
Event: 3.464 Thread 0x000001b21ba14000 1451       1       java.util.concurrent.ConcurrentHashMap$MapEntry::getValue (5 bytes)
Event: 3.464 Thread 0x000001b21ba14000 nmethod 1451 0x000001b20cb58710 code [0x000001b20cb588a0, 0x000001b20cb58958]
Event: 3.464 Thread 0x000001b21ba14000 1452       3       java.util.Properties::saveConvert (434 bytes)
Event: 3.466 Thread 0x000001b21ba14000 nmethod 1452 0x000001b2058c6310 code [0x000001b2058c67e0, 0x000001b2058c8a28]

GC Heap History (2 events):
Event: 0.878 GC heap before
{Heap before GC invocations=0 (full 0):
 garbage-first heap   total 122880K, used 22528K [0x0000000089400000, 0x0000000100000000)
  region size 1024K, 23 young (23552K), 0 survivors (0K)
 Metaspace       used 12100K, capacity 12314K, committed 12544K, reserved 1060864K
  class space    used 1132K, capacity 1206K, committed 1280K, reserved 1048576K
}
Event: 0.882 GC heap after
{Heap after GC invocations=1 (full 0):
 garbage-first heap   total 122880K, used 2432K [0x0000000089400000, 0x0000000100000000)
  region size 1024K, 3 young (3072K), 3 survivors (3072K)
 Metaspace       used 12100K, capacity 12314K, committed 12544K, reserved 1060864K
  class space    used 1132K, capacity 1206K, committed 1280K, reserved 1048576K
}

Deoptimization events (20 events):
Event: 1.148 Thread 0x000001b27f8af000 Uncommon trap: trap_request=0xffffffde fr.pc=0x000001b20cb570f8 relative=0x0000000000000118
Event: 1.148 Thread 0x000001b27f8af000 Uncommon trap: reason=class_check action=maybe_recompile pc=0x000001b20cb570f8 method=jdk.internal.misc.Unsafe.allocateUninitializedArray(Ljava/lang/Class;I)Ljava/lang/Object; @ 51 c2
Event: 1.148 Thread 0x000001b27f8af000 DEOPT PACKING pc=0x000001b20cb570f8 sp=0x00000031347fd0b0
Event: 1.148 Thread 0x000001b27f8af000 DEOPT UNPACKING pc=0x000001b20504912f sp=0x00000031347fd038 mode 2
Event: 1.148 Thread 0x000001b27f8af000 Uncommon trap: trap_request=0xffffffde fr.pc=0x000001b20cb570f8 relative=0x0000000000000118
Event: 1.148 Thread 0x000001b27f8af000 Uncommon trap: reason=class_check action=maybe_recompile pc=0x000001b20cb570f8 method=jdk.internal.misc.Unsafe.allocateUninitializedArray(Ljava/lang/Class;I)Ljava/lang/Object; @ 51 c2
Event: 1.148 Thread 0x000001b27f8af000 DEOPT PACKING pc=0x000001b20cb570f8 sp=0x00000031347fd160
Event: 1.148 Thread 0x000001b27f8af000 DEOPT UNPACKING pc=0x000001b20504912f sp=0x00000031347fd0e8 mode 2
Event: 1.148 Thread 0x000001b27f8af000 Uncommon trap: trap_request=0xffffffde fr.pc=0x000001b20cb570f8 relative=0x0000000000000118
Event: 1.148 Thread 0x000001b27f8af000 Uncommon trap: reason=class_check action=maybe_recompile pc=0x000001b20cb570f8 method=jdk.internal.misc.Unsafe.allocateUninitializedArray(Ljava/lang/Class;I)Ljava/lang/Object; @ 51 c2
Event: 1.148 Thread 0x000001b27f8af000 DEOPT PACKING pc=0x000001b20cb570f8 sp=0x00000031347fcf00
Event: 1.148 Thread 0x000001b27f8af000 DEOPT UNPACKING pc=0x000001b20504912f sp=0x00000031347fce88 mode 2
Event: 1.149 Thread 0x000001b27f8af000 Uncommon trap: trap_request=0xffffffde fr.pc=0x000001b20cb570f8 relative=0x0000000000000118
Event: 1.149 Thread 0x000001b27f8af000 Uncommon trap: reason=class_check action=maybe_recompile pc=0x000001b20cb570f8 method=jdk.internal.misc.Unsafe.allocateUninitializedArray(Ljava/lang/Class;I)Ljava/lang/Object; @ 51 c2
Event: 1.149 Thread 0x000001b27f8af000 DEOPT PACKING pc=0x000001b20cb570f8 sp=0x00000031347fcc80
Event: 1.149 Thread 0x000001b27f8af000 DEOPT UNPACKING pc=0x000001b20504912f sp=0x00000031347fcc08 mode 2
Event: 3.452 Thread 0x000001b21c262800 Uncommon trap: trap_request=0xffffff45 fr.pc=0x000001b20cb0afd0 relative=0x00000000000000b0
Event: 3.452 Thread 0x000001b21c262800 Uncommon trap: reason=unstable_if action=reinterpret pc=0x000001b20cb0afd0 method=jdk.internal.misc.Unsafe.getLongUnaligned(Ljava/lang/Object;J)J @ 7 c2
Event: 3.452 Thread 0x000001b21c262800 DEOPT PACKING pc=0x000001b20cb0afd0 sp=0x00000031351fd970
Event: 3.452 Thread 0x000001b21c262800 DEOPT UNPACKING pc=0x000001b20504912f sp=0x00000031351fd920 mode 2

Classes unloaded (0 events):
No events

Classes redefined (2 events):
Event: 78.383 Thread 0x000001b21c234800 redefined class name=com.coderscampus.Assignment7.CustomList2Test, count=1
Event: 136.893 Thread 0x000001b21c234800 redefined class name=com.coderscampus.Assignment7.CustomList2Test, count=2

Internal exceptions (20 events):
Event: 0.825 Thread 0x000001b27f8af000 Exception <a 'java/lang/NoSuchMethodError'{0x000000008f786b70}: 'java.lang.Object java.lang.invoke.DirectMethodHandle$Holder.invokeStaticInit(java.lang.Object, java.lang.Object, java.lang.Object)'> (0x000000008f786b70) 
thrown [./open/src/hotspot/share/interpreter/linkResolver.cpp, line 766]
Event: 0.825 Thread 0x000001b27f8af000 Exception <a 'java/lang/NoSuchMethodError'{0x000000008f78d118}: 'void java.lang.invoke.DirectMethodHandle$Holder.invokeStaticInit(java.lang.Object, java.lang.Object, java.lang.Object)'> (0x000000008f78d118) 
thrown [./open/src/hotspot/share/interpreter/linkResolver.cpp, line 766]
Event: 0.899 Thread 0x000001b27f8af000 Exception <a 'java/lang/NoSuchMethodError'{0x0000000090a349c8}: 'java.lang.Object java.lang.invoke.DirectMethodHandle$Holder.invokeSpecialIFC(java.lang.Object, java.lang.Object, java.lang.Object, java.lang.Object)'> (0x0000000090a349c8) 
thrown [./open/src/hotspot/share/interpreter/linkResolver.cpp, line 766]
Event: 0.917 Thread 0x000001b27f8af000 Exception <a 'java/lang/NoSuchMethodError'{0x000000009091a250}: 'void java.lang.invoke.DirectMethodHandle$Holder.invokeSpecial(java.lang.Object, java.lang.Object, java.lang.Object, java.lang.Object)'> (0x000000009091a250) 
thrown [./open/src/hotspot/share/interpreter/linkResolver.cpp, line 766]
Event: 0.923 Thread 0x000001b27f8af000 Exception <a 'java/lang/NoSuchMethodError'{0x000000009097ae08}: 'java.lang.Object java.lang.invoke.Invokers$Holder.linkToTargetMethod(java.lang.Object, java.lang.Object, java.lang.Object, java.lang.Object, java.lang.Object, java.lang.Object)'> (0x000000009097ae08) 
thrown [./open/src/hotspot/share/interpreter/linkResolver.cpp, line 766]
Event: 0.929 Thread 0x000001b27f8af000 Exception <a 'java/lang/NoSuchMethodError'{0x0000000090811450}: 'void java.lang.invoke.DirectMethodHandle$Holder.invokeInterface(java.lang.Object, java.lang.Object, java.lang.Object, java.lang.Object, java.lang.Object)'> (0x0000000090811450) 
thrown [./open/src/hotspot/share/interpreter/linkResolver.cpp, line 766]
Event: 0.929 Thread 0x000001b27f8af000 Exception <a 'java/lang/IncompatibleClassChangeError'{0x0000000090814630}: Found class java.lang.Object, but interface was expected> (0x0000000090814630) 
thrown [./open/src/hotspot/share/interpreter/linkResolver.cpp, line 832]
Event: 0.935 Thread 0x000001b27f8af000 Exception <a 'java/lang/IncompatibleClassChangeError'{0x00000000908546c0}: Found class java.lang.Object, but interface was expected> (0x00000000908546c0) 
thrown [./open/src/hotspot/share/interpreter/linkResolver.cpp, line 832]
Event: 0.938 Thread 0x000001b27f8af000 Exception <a 'java/lang/NoSuchMethodError'{0x000000009088a890}: 'void java.lang.invoke.DirectMethodHandle$Holder.invokeSpecial(java.lang.Object, java.lang.Object, java.lang.Object, java.lang.Object, java.lang.Object)'> (0x000000009088a890) 
thrown [./open/src/hotspot/share/interpreter/linkResolver.cpp, line 766]
Event: 1.005 Thread 0x000001b27f8af000 Exception <a 'java/lang/NoSuchMethodError'{0x0000000090343248}: 'java.lang.Object java.lang.invoke.DirectMethodHandle$Holder.invokeVirtual(java.lang.Object, java.lang.Object, java.lang.Object)'> (0x0000000090343248) 
thrown [./open/src/hotspot/share/interpreter/linkResolver.cpp, line 766]
Event: 1.017 Thread 0x000001b27f8af000 Exception <a 'java/lang/NoSuchMethodError'{0x00000000903c5f28}: 'void java.lang.invoke.DirectMethodHandle$Holder.invokeInterface(java.lang.Object, java.lang.Object, java.lang.Object, java.lang.Object)'> (0x00000000903c5f28) 
thrown [./open/src/hotspot/share/interpreter/linkResolver.cpp, line 766]
Event: 1.017 Thread 0x000001b27f8af000 Exception <a 'java/lang/IncompatibleClassChangeError'{0x00000000903c8950}: Found class java.lang.Object, but interface was expected> (0x00000000903c8950) 
thrown [./open/src/hotspot/share/interpreter/linkResolver.cpp, line 832]
Event: 1.019 Thread 0x000001b27f8af000 Exception <a 'java/lang/NoSuchMethodError'{0x00000000903eb6e8}: 'void java.lang.invoke.DirectMethodHandle$Holder.invokeStatic(java.lang.Object, java.lang.Object, java.lang.Object, java.lang.Object)'> (0x00000000903eb6e8) 
thrown [./open/src/hotspot/share/interpreter/linkResolver.cpp, line 766]
Event: 1.039 Thread 0x000001b27f8af000 Exception <a 'java/lang/NoSuchMethodError'{0x00000000902cd468}: 'java.lang.Object java.lang.invoke.Invokers$Holder.invokeExact_MT(java.lang.Object, java.lang.Object, java.lang.Object, java.lang.Object, java.lang.Object, java.lang.Object)'> (0x00000000902cd468) 
thrown [./open/src/hotspot/share/interpreter/linkResolver.cpp, line 766]
Event: 1.068 Thread 0x000001b27f8af000 Exception <a 'java/lang/NoSuchMethodError'{0x00000000900632f8}: 'void java.lang.invoke.DirectMethodHandle$Holder.invokeSpecial(java.lang.Object, java.lang.Object)'> (0x00000000900632f8) 
thrown [./open/src/hotspot/share/interpreter/linkResolver.cpp, line 766]
Event: 1.093 Thread 0x000001b27f8af000 Exception <a 'java/lang/NoSuchMethodError'{0x000000008fe08bd8}: 'int java.lang.invoke.DirectMethodHandle$Holder.invokeStaticInit(java.lang.Object, java.lang.Object, java.lang.Object)'> (0x000000008fe08bd8) 
thrown [./open/src/hotspot/share/interpreter/linkResolver.cpp, line 766]
Event: 1.114 Thread 0x000001b27f8af000 Exception <a 'java/lang/NoSuchMethodError'{0x000000008fedbd00}: 'int java.lang.invoke.DirectMethodHandle$Holder.invokeStaticInit(java.lang.Object, java.lang.Object)'> (0x000000008fedbd00) 
thrown [./open/src/hotspot/share/interpreter/linkResolver.cpp, line 766]
Event: 1.124 Thread 0x000001b27f8af000 Exception <a 'java/lang/NoSuchMethodError'{0x000000008fd49710}: 'java.lang.Object java.lang.invoke.DirectMethodHandle$Holder.invokeInterface(java.lang.Object, java.lang.Object, java.lang.Object, java.lang.Object, java.lang.Object)'> (0x000000008fd49710) 
thrown [./open/src/hotspot/share/interpreter/linkResolver.cpp, line 766]
Event: 1.124 Thread 0x000001b27f8af000 Exception <a 'java/lang/IncompatibleClassChangeError'{0x000000008fd4ca18}: Found class java.lang.Object, but interface was expected> (0x000000008fd4ca18) 
thrown [./open/src/hotspot/share/interpreter/linkResolver.cpp, line 832]
Event: 1.134 Thread 0x000001b27f8af000 Exception <a 'java/lang/IncompatibleClassChangeError'{0x000000008fdbdf38}: Found class java.lang.Object, but interface was expected> (0x000000008fdbdf38) 
thrown [./open/src/hotspot/share/interpreter/linkResolver.cpp, line 832]

Events (20 events):
Event: 136.907 Executing VM operation: ChangeBreakpoints
Event: 136.908 Executing VM operation: ChangeBreakpoints done
Event: 136.916 Executing VM operation: ChangeBreakpoints
Event: 136.917 Executing VM operation: ChangeBreakpoints done
Event: 136.917 Executing VM operation: ChangeBreakpoints
Event: 136.918 Executing VM operation: ChangeBreakpoints done
Event: 136.925 Executing VM operation: ChangeBreakpoints
Event: 136.925 Executing VM operation: ChangeBreakpoints done
Event: 136.927 Executing VM operation: GetFrameCount
Event: 136.927 Executing VM operation: GetFrameCount done
Event: 136.927 Executing VM operation: GetStackTrace
Event: 136.927 Executing VM operation: GetStackTrace done
Event: 137.006 Executing VM operation: GetFrameCount
Event: 137.006 Executing VM operation: GetFrameCount done
Event: 137.006 Executing VM operation: GetOwnedMonitorInfo
Event: 137.006 Executing VM operation: GetOwnedMonitorInfo done
Event: 137.006 Executing VM operation: GetCurrentContendedMonitor
Event: 137.006 Executing VM operation: GetCurrentContendedMonitor done
Event: 137.015 Executing VM operation: GetFrameLocation
Event: 137.015 Executing VM operation: GetFrameLocation done


Dynamic libraries:
0x00007ff69b700000 - 0x00007ff69b70d000 	C:\Users\kirki\Downloads\sts-4.8.0.RELEASE\plugins\org.eclipse.justj.openjdk.hotspot.jre.full.win32.x86_64_14.0.2.v20200815-0932\jre\bin\javaw.exe
0x00007ff978410000 - 0x00007ff978606000 	C:\WINDOWS\SYSTEM32\ntdll.dll
0x00007ff977a70000 - 0x00007ff977b2d000 	C:\WINDOWS\System32\KERNEL32.DLL
0x00007ff975c00000 - 0x00007ff975ec9000 	C:\WINDOWS\System32\KERNELBASE.dll
0x00007ff9760a0000 - 0x00007ff9761a0000 	C:\WINDOWS\System32\ucrtbase.dll
0x00007ff96de60000 - 0x00007ff96de78000 	C:\Users\kirki\Downloads\sts-4.8.0.RELEASE\plugins\org.eclipse.justj.openjdk.hotspot.jre.full.win32.x86_64_14.0.2.v20200815-0932\jre\bin\jli.dll
0x00007ff96dc20000 - 0x00007ff96dc35000 	C:\Users\kirki\Downloads\sts-4.8.0.RELEASE\plugins\org.eclipse.justj.openjdk.hotspot.jre.full.win32.x86_64_14.0.2.v20200815-0932\jre\bin\VCRUNTIME140.dll
0x00007ff976a10000 - 0x00007ff976bb0000 	C:\WINDOWS\System32\USER32.dll
0x00007ff976300000 - 0x00007ff976322000 	C:\WINDOWS\System32\win32u.dll
0x00007ff9769e0000 - 0x00007ff976a0a000 	C:\WINDOWS\System32\GDI32.dll
0x00007ff976330000 - 0x00007ff97643b000 	C:\WINDOWS\System32\gdi32full.dll
0x00007ff975ed0000 - 0x00007ff975f6d000 	C:\WINDOWS\System32\msvcp_win.dll
0x00007ff964210000 - 0x00007ff9644ab000 	C:\WINDOWS\WinSxS\amd64_microsoft.windows.common-controls_6595b64144ccf1df_6.0.19041.746_none_ca02b4b61b8320a4\COMCTL32.dll
0x00007ff976c60000 - 0x00007ff976cfe000 	C:\WINDOWS\System32\msvcrt.dll
0x00007ff9779d0000 - 0x00007ff977a00000 	C:\WINDOWS\System32\IMM32.DLL
0x00007ff9649c0000 - 0x00007ff964a5b000 	C:\Users\kirki\Downloads\sts-4.8.0.RELEASE\plugins\org.eclipse.justj.openjdk.hotspot.jre.full.win32.x86_64_14.0.2.v20200815-0932\jre\bin\msvcp140.dll
0x00007ff933f40000 - 0x00007ff934a5e000 	C:\Users\kirki\Downloads\sts-4.8.0.RELEASE\plugins\org.eclipse.justj.openjdk.hotspot.jre.full.win32.x86_64_14.0.2.v20200815-0932\jre\bin\server\jvm.dll
0x00007ff976d00000 - 0x00007ff976dac000 	C:\WINDOWS\System32\ADVAPI32.dll
0x00007ff976470000 - 0x00007ff97650c000 	C:\WINDOWS\System32\sechost.dll
0x00007ff977b30000 - 0x00007ff977c5b000 	C:\WINDOWS\System32\RPCRT4.dll
0x00007ff977fd0000 - 0x00007ff977fd8000 	C:\WINDOWS\System32\PSAPI.DLL
0x00007ff96b9b0000 - 0x00007ff96b9d7000 	C:\WINDOWS\SYSTEM32\WINMM.dll
0x00007ff96cd20000 - 0x00007ff96cd2a000 	C:\WINDOWS\SYSTEM32\VERSION.dll
0x00007ff9716b0000 - 0x00007ff9716b9000 	C:\WINDOWS\SYSTEM32\WSOCK32.dll
0x00007ff977a00000 - 0x00007ff977a6b000 	C:\WINDOWS\System32\WS2_32.dll
0x00007ff973ab0000 - 0x00007ff973ac2000 	C:\WINDOWS\SYSTEM32\kernel.appcore.dll
0x00007ff9732d0000 - 0x00007ff9732da000 	C:\Users\kirki\Downloads\sts-4.8.0.RELEASE\plugins\org.eclipse.justj.openjdk.hotspot.jre.full.win32.x86_64_14.0.2.v20200815-0932\jre\bin\jimage.dll
0x00007ff95f3a0000 - 0x00007ff95f584000 	C:\WINDOWS\SYSTEM32\DBGHELP.DLL
0x00007ff95f250000 - 0x00007ff95f27c000 	C:\WINDOWS\SYSTEM32\dbgcore.DLL
0x00007ff975fd0000 - 0x00007ff976050000 	C:\WINDOWS\System32\bcryptPrimitives.dll
0x00007ff9659f0000 - 0x00007ff965a28000 	C:\Users\kirki\Downloads\sts-4.8.0.RELEASE\plugins\org.eclipse.justj.openjdk.hotspot.jre.full.win32.x86_64_14.0.2.v20200815-0932\jre\bin\jdwp.dll
0x00007ff96e370000 - 0x00007ff96e395000 	C:\Users\kirki\Downloads\sts-4.8.0.RELEASE\plugins\org.eclipse.justj.openjdk.hotspot.jre.full.win32.x86_64_14.0.2.v20200815-0932\jre\bin\java.dll
0x00007ff96d880000 - 0x00007ff96d88e000 	C:\Users\kirki\Downloads\sts-4.8.0.RELEASE\plugins\org.eclipse.justj.openjdk.hotspot.jre.full.win32.x86_64_14.0.2.v20200815-0932\jre\bin\instrument.dll
0x00007ff971760000 - 0x00007ff971776000 	C:\Users\kirki\Downloads\sts-4.8.0.RELEASE\plugins\org.eclipse.justj.openjdk.hotspot.jre.full.win32.x86_64_14.0.2.v20200815-0932\jre\bin\zip.dll
0x00007ff976db0000 - 0x00007ff9774f3000 	C:\WINDOWS\System32\SHELL32.dll
0x00007ff973cb0000 - 0x00007ff97443f000 	C:\WINDOWS\SYSTEM32\windows.storage.dll
0x00007ff977fe0000 - 0x00007ff978336000 	C:\WINDOWS\System32\combase.dll
0x00007ff975540000 - 0x00007ff97556c000 	C:\WINDOWS\SYSTEM32\Wldp.dll
0x00007ff976bb0000 - 0x00007ff976c5e000 	C:\WINDOWS\System32\SHCORE.dll
0x00007ff9775e0000 - 0x00007ff977635000 	C:\WINDOWS\System32\shlwapi.dll
0x00007ff975a80000 - 0x00007ff975aa6000 	C:\WINDOWS\SYSTEM32\profapi.dll
0x00007ff96d870000 - 0x00007ff96d87b000 	C:\Users\kirki\Downloads\sts-4.8.0.RELEASE\plugins\org.eclipse.justj.openjdk.hotspot.jre.full.win32.x86_64_14.0.2.v20200815-0932\jre\bin\dt_socket.dll
0x00007ff974f50000 - 0x00007ff974f8b000 	C:\WINDOWS\SYSTEM32\IPHLPAPI.DLL
0x00007ff9752c0000 - 0x00007ff97532a000 	C:\WINDOWS\system32\mswsock.dll
0x00007ff974ff0000 - 0x00007ff9750bb000 	C:\WINDOWS\SYSTEM32\DNSAPI.dll
0x00007ff977c60000 - 0x00007ff977c68000 	C:\WINDOWS\System32\NSI.dll
0x00007ff96e610000 - 0x00007ff96e61a000 	C:\Windows\System32\rasadhlp.dll
0x00007ff963760000 - 0x00007ff9637df000 	C:\WINDOWS\System32\fwpuclnt.dll
0x00007ff976440000 - 0x00007ff976467000 	C:\WINDOWS\System32\bcrypt.dll
0x00007ff96e990000 - 0x00007ff96e9a9000 	C:\Users\kirki\Downloads\sts-4.8.0.RELEASE\plugins\org.eclipse.justj.openjdk.hotspot.jre.full.win32.x86_64_14.0.2.v20200815-0932\jre\bin\net.dll
0x00007ff969ae0000 - 0x00007ff969be0000 	C:\WINDOWS\SYSTEM32\WINHTTP.dll
0x00007ff96e350000 - 0x00007ff96e362000 	C:\Users\kirki\Downloads\sts-4.8.0.RELEASE\plugins\org.eclipse.justj.openjdk.hotspot.jre.full.win32.x86_64_14.0.2.v20200815-0932\jre\bin\nio.dll
0x00007ff96fe70000 - 0x00007ff96fe80000 	C:\Users\kirki\Downloads\sts-4.8.0.RELEASE\plugins\org.eclipse.justj.openjdk.hotspot.jre.full.win32.x86_64_14.0.2.v20200815-0932\jre\bin\verify.dll
0x00007ff96d430000 - 0x00007ff96d447000 	C:\WINDOWS\SYSTEM32\dhcpcsvc6.DLL
0x00007ff96e200000 - 0x00007ff96e21d000 	C:\WINDOWS\SYSTEM32\dhcpcsvc.DLL

dbghelp: loaded successfully - version: 4.0.5 - missing functions: none
symbol engine: initialized successfully - sym options: 0x614 - pdb path: .;C:\Users\kirki\Downloads\sts-4.8.0.RELEASE\plugins\org.eclipse.justj.openjdk.hotspot.jre.full.win32.x86_64_14.0.2.v20200815-0932\jre\bin;C:\WINDOWS\SYSTEM32;C:\WINDOWS\WinSxS\amd64_microsoft.windows.common-controls_6595b64144ccf1df_6.0.19041.746_none_ca02b4b61b8320a4;C:\Users\kirki\Downloads\sts-4.8.0.RELEASE\plugins\org.eclipse.justj.openjdk.hotspot.jre.full.win32.x86_64_14.0.2.v20200815-0932\jre\bin\server

VM Arguments:
jvm_args: -XX:+ShowCodeDetailsInExceptionMessages -agentlib:jdwp=transport=dt_socket,suspend=y,address=localhost:56240 -ea -javaagent:C:\Users\kirki\Downloads\sts-4.8.0.RELEASE\configuration\org.eclipse.osgi\262\0\.cp\lib\javaagent-shaded.jar -Dfile.encoding=Cp1252 
java_command: org.eclipse.jdt.internal.junit.runner.RemoteTestRunner -version 3 -port 56239 -testLoaderClass org.eclipse.jdt.internal.junit5.runner.JUnit5TestLoader -loaderpluginname org.eclipse.jdt.junit5.runtime -classNames com.coderscampus.Assignment7.CustomList2Test
java_class_path (initial): C:\Users\kirki\Documents\workspace-spring-tool-suite-4-4.8.0.RELEASE\Assignment7\bin;C:\Users\kirki\Downloads\sts-4.8.0.RELEASE\plugins\org.junit.jupiter.api_5.6.0.v20200203-2009.jar;C:\Users\kirki\Downloads\sts-4.8.0.RELEASE\plugins\org.junit.jupiter.engine_5.6.0.v20200203-2009.jar;C:\Users\kirki\Downloads\sts-4.8.0.RELEASE\plugins\org.junit.jupiter.migrationsupport_5.6.0.v20200203-2009.jar;C:\Users\kirki\Downloads\sts-4.8.0.RELEASE\plugins\org.junit.jupiter.params_5.6.0.v20200203-2009.jar;C:\Users\kirki\Downloads\sts-4.8.0.RELEASE\plugins\org.junit.platform.commons_1.6.0.v20200203-2009.jar;C:\Users\kirki\Downloads\sts-4.8.0.RELEASE\plugins\org.junit.platform.engine_1.6.0.v20200203-2009.jar;C:\Users\kirki\Downloads\sts-4.8.0.RELEASE\plugins\org.junit.platform.launcher_1.6.0.v20200203-2009.jar;C:\Users\kirki\Downloads\sts-4.8.0.RELEASE\plugins\org.junit.platform.runner_1.6.0.v20200203-2009.jar;C:\Users\kirki\Downloads\sts-4.8.0.RELEASE\plugins\org.junit.platform.suite.api_1.6.0.v20200203-2009.jar;C:\Users\kirki\Downloads\sts-4.8.0.RELEASE\plugins\org.junit.vintage.engine_5.6.0.v20200203-2009.jar;C:\Users\kirki\Downloads\sts-4.8.0.RELEASE\plugins\org.opentest4j_1.2.0.v20190826-0900.jar;C:\Users\kirki\Downloads\sts-4.8.0.RELEASE\plugins\org.apiguardian_1.1.0.v20190826-0900.jar;C:\Users\kirki\Downloads\sts-4.8.0.RELEASE\plugins\org.junit_4.13.0.v20200204-1500.jar;C:\Users\kirki\Downloads\sts-4.8.0.RELEASE\plugins\org.hamcrest.core_1.3.0.v20180420-1519.jar;C:\Users\kirki\Downloads\sts-4.8.0.RELEASE\configuration\org.eclipse.osgi\261\0\.cp;C:\Users\kirki\Downloads\sts-4.8.0.RELEASE\configuration\org.eclipse.osgi\259\0\.cp
Launcher Type: SUN_STANDARD

[Global flags]
     intx CICompilerCount                          = 4                                         {product} {ergonomic}
     uint ConcGCThreads                            = 3                                         {product} {ergonomic}
     uint G1ConcRefinementThreads                  = 10                                        {product} {ergonomic}
   size_t G1HeapRegionSize                         = 1048576                                   {product} {ergonomic}
    uintx GCDrainStackTargetSize                   = 64                                        {product} {ergonomic}
   size_t InitialHeapSize                          = 125829120                                 {product} {ergonomic}
   size_t MarkStackSize                            = 4194304                                   {product} {ergonomic}
   size_t MaxHeapSize                              = 1992294400                                {product} {ergonomic}
   size_t MaxNewSize                               = 1195376640                                {product} {ergonomic}
   size_t MinHeapDeltaBytes                        = 1048576                                   {product} {ergonomic}
   size_t MinHeapSize                              = 8388608                                   {product} {ergonomic}
    uintx NonNMethodCodeHeapSize                   = 5839372                                {pd product} {ergonomic}
    uintx NonProfiledCodeHeapSize                  = 122909434                              {pd product} {ergonomic}
    uintx ProfiledCodeHeapSize                     = 122909434                              {pd product} {ergonomic}
    uintx ReservedCodeCacheSize                    = 251658240                              {pd product} {ergonomic}
     bool SegmentedCodeCache                       = true                                      {product} {ergonomic}
     bool ShowCodeDetailsInExceptionMessages       = true                                   {manageable} {command line}
   size_t SoftMaxHeapSize                          = 1992294400                             {manageable} {ergonomic}
     bool UseCompressedClassPointers               = true                                 {lp64_product} {ergonomic}
     bool UseCompressedOops                        = true                                 {lp64_product} {ergonomic}
     bool UseG1GC                                  = true                                      {product} {ergonomic}
     bool UseLargePagesIndividualAllocation        = false                                  {pd product} {ergonomic}

Logging:
Log output configuration:
 #0: stdout all=warning uptime,level,tags
 #1: stderr all=off uptime,level,tags

Environment Variables:
JAVA_HOME=C:\Program Files\Amazon Corretto\jdk11.0.8_10
PATH=C:\Users\kirki\Downloads\sts-4.8.0.RELEASE\plugins\org.eclipse.justj.openjdk.hotspot.jre.full.win32.x86_64_14.0.2.v20200815-0932\jre\bin;C:/Users/kirki/Downloads/sts-4.8.0.RELEASE//plugins/org.eclipse.justj.openjdk.hotspot.jre.full.win32.x86_64_14.0.2.v20200815-0932/jre/bin/server;C:/Users/kirki/Downloads/sts-4.8.0.RELEASE//plugins/org.eclipse.justj.openjdk.hotspot.jre.full.win32.x86_64_14.0.2.v20200815-0932/jre/bin;C:\Program Files\Amazon Corretto\jdk11.0.8_10\bin;C:\Windows\system32;C:\Windows;C:\Windows\System32\Wbem;C:\Windows\System32\WindowsPowerShell\v1.0\;C:\Windows\System32\OpenSSH\;C:\Program Files (x86)\NVIDIA Corporation\PhysX\Common;C:\Program Files\NVIDIA Corporation\NVIDIA NvDLISR;C:\WINDOWS\system32;C:\WINDOWS;C:\WINDOWS\System32\Wbem;C:\WINDOWS\System32\WindowsPowerShell\v1.0\;C:\WINDOWS\System32\OpenSSH\;C:\Program Files\Git\cmd;C:\Users\kirki\AppData\Local\Microsoft\WindowsApps;;C:\Users\kirki\Downloads\sts-4.8.0.RELEASE;
USERNAME=kirki
OS=Windows_NT
PROCESSOR_IDENTIFIER=AMD64 Family 23 Model 96 Stepping 1, AuthenticAMD



---------------  S Y S T E M  ---------------

OS: Windows 10 , 64 bit Build 19041 (10.0.19041.662)
OS uptime: 10 days 3:22 hours

CPU:total 12 (initial active 12) (12 cores per cpu, 2 threads per core) family 23 model 96 stepping 1, cmov, cx8, fxsr, mmx, sse, sse2, sse3, ssse3, sse4.1, sse4.2, popcnt, avx, avx2, aes, clmul, mmxext, 3dnowpref, lzcnt, sse4a, ht, tsc, tscinvbit, tscinv, bmi1, bmi2, adx, sha, fma

Memory: 4k page, system-wide physical 7599M (1395M free)
TotalPageFile size 11567M (AvailPageFile size 1947M)
current process WorkingSet (physical memory assigned to process): 80M, peak: 84M
current process commit charge ("private bytes"): 218M, peak: 222M

vm_info: OpenJDK 64-Bit Server VM (14.0.2+12-46) for windows-amd64 JRE (14.0.2+12-46), built on Jul  9 2020 00:31:16 by "mach5one" with MS VC++ 15.9 (VS2017)

END.
